{"total": {"lines":{"total":96,"covered":58,"skipped":0,"pct":60.41},"statements":{"total":101,"covered":59,"skipped":0,"pct":58.41},"functions":{"total":33,"covered":19,"skipped":0,"pct":57.57},"branches":{"total":31,"covered":8,"skipped":0,"pct":25.8},"branchesTrue":{"total":0,"covered":0,"skipped":0,"pct":100}}
,"C:\\Projects\\lower-case-personal\\matneyx.github.io\\src\\helperFunctions.js": {"lines":{"total":18,"covered":3,"skipped":0,"pct":16.66},"functions":{"total":4,"covered":0,"skipped":0,"pct":0},"statements":{"total":19,"covered":3,"skipped":0,"pct":15.78},"branches":{"total":10,"covered":0,"skipped":0,"pct":0}}
,"C:\\Projects\\lower-case-personal\\matneyx.github.io\\src\\components\\BootstrapIcons.js": {"lines":{"total":7,"covered":7,"skipped":0,"pct":100},"functions":{"total":3,"covered":3,"skipped":0,"pct":100},"statements":{"total":8,"covered":8,"skipped":0,"pct":100},"branches":{"total":2,"covered":2,"skipped":0,"pct":100}}
,"C:\\Projects\\lower-case-personal\\matneyx.github.io\\src\\components\\Header.js": {"lines":{"total":15,"covered":15,"skipped":0,"pct":100},"functions":{"total":4,"covered":4,"skipped":0,"pct":100},"statements":{"total":15,"covered":15,"skipped":0,"pct":100},"branches":{"total":2,"covered":2,"skipped":0,"pct":100}}
,"C:\\Projects\\lower-case-personal\\matneyx.github.io\\src\\components\\NavBar.js": {"lines":{"total":56,"covered":33,"skipped":0,"pct":58.92},"functions":{"total":22,"covered":12,"skipped":0,"pct":54.54},"statements":{"total":59,"covered":33,"skipped":0,"pct":55.93},"branches":{"total":17,"covered":4,"skipped":0,"pct":23.52}}
}
