TN:
SF:src\helperFunctions.js
FN:4,(anonymous_0)
FN:16,(anonymous_1)
FN:20,(anonymous_2)
FN:30,(anonymous_3)
FNF:4
FNH:0
FNDA:0,(anonymous_0)
FNDA:0,(anonymous_1)
FNDA:0,(anonymous_2)
FNDA:0,(anonymous_3)
DA:4,1
DA:5,0
DA:6,0
DA:7,0
DA:9,0
DA:16,1
DA:17,0
DA:18,0
DA:19,0
DA:20,0
DA:22,0
DA:30,1
DA:31,0
DA:32,0
DA:34,0
DA:35,0
DA:38,0
DA:39,0
LF:18
LH:3
BRDA:4,0,0,0
BRDA:6,1,0,0
BRDA:6,1,1,0
BRDA:16,2,0,0
BRDA:18,3,0,0
BRDA:18,3,1,0
BRDA:19,4,0,0
BRDA:19,4,1,0
BRDA:34,5,0,0
BRDA:34,5,1,0
BRF:10
BRH:0
end_of_record
TN:
SF:src\components\BootstrapIcons.js
FN:3,(anonymous_0)
FN:5,(anonymous_1)
FN:8,(anonymous_2)
FNF:3
FNH:3
FNDA:6,(anonymous_0)
FNDA:8,(anonymous_1)
FNDA:3,(anonymous_2)
DA:3,6
DA:5,2
DA:6,8
DA:8,8
DA:9,3
DA:10,3
DA:13,8
LF:7
LH:7
BRDA:16,0,0,2
BRDA:16,0,1,6
BRF:2
BRH:2
end_of_record
TN:
SF:src\components\Header.js
FN:39,(anonymous_0)
FN:41,(anonymous_1)
FN:46,(anonymous_2)
FN:56,(anonymous_3)
FNF:4
FNH:4
FNDA:2,(anonymous_0)
FNDA:2,(anonymous_1)
FNDA:3,(anonymous_2)
FNDA:2,(anonymous_3)
DA:12,1
DA:23,1
DA:39,1
DA:40,2
DA:41,2
DA:46,2
DA:47,3
DA:48,1
DA:50,2
DA:53,2
DA:54,2
DA:56,2
DA:57,2
DA:58,2
DA:65,2
LF:15
LH:15
BRDA:47,0,0,1
BRDA:47,0,1,2
BRF:2
BRH:2
end_of_record
TN:
SF:src\components\NavBar.js
FN:11,(anonymous_0)
FN:14,(anonymous_1)
FN:19,(anonymous_2)
FN:35,(anonymous_3)
FN:46,(anonymous_4)
FN:47,(anonymous_5)
FN:62,(anonymous_6)
FN:67,(anonymous_7)
FN:70,(anonymous_8)
FN:71,(anonymous_9)
FN:74,(anonymous_10)
FN:80,(anonymous_11)
FN:82,(anonymous_12)
FN:97,(anonymous_13)
FN:103,(anonymous_14)
FN:108,(anonymous_15)
FN:118,(anonymous_16)
FN:122,(anonymous_17)
FN:128,(anonymous_18)
FN:147,(anonymous_19)
FN:147,(anonymous_20)
FN:152,(anonymous_21)
FNF:22
FNH:12
FNDA:12,(anonymous_0)
FNDA:14,(anonymous_1)
FNDA:0,(anonymous_2)
FNDA:0,(anonymous_3)
FNDA:4,(anonymous_4)
FNDA:0,(anonymous_5)
FNDA:2,(anonymous_6)
FNDA:2,(anonymous_7)
FNDA:14,(anonymous_8)
FNDA:14,(anonymous_9)
FNDA:2,(anonymous_10)
FNDA:0,(anonymous_11)
FNDA:0,(anonymous_12)
FNDA:2,(anonymous_13)
FNDA:0,(anonymous_14)
FNDA:0,(anonymous_15)
FNDA:14,(anonymous_16)
FNDA:28,(anonymous_17)
FNDA:12,(anonymous_18)
FNDA:0,(anonymous_19)
FNDA:0,(anonymous_20)
FNDA:0,(anonymous_21)
DA:11,1
DA:12,12
DA:14,1
DA:15,14
DA:17,14
DA:19,14
DA:20,0
DA:22,0
DA:23,0
DA:24,0
DA:25,0
DA:29,14
DA:35,0
DA:46,1
DA:47,4
DA:48,0
DA:49,0
DA:52,4
DA:62,1
DA:63,2
DA:64,2
DA:65,2
DA:67,2
DA:69,2
DA:70,14
DA:71,14
DA:74,2
DA:80,2
DA:81,0
DA:82,0
DA:83,0
DA:84,0
DA:85,0
DA:86,0
DA:87,0
DA:89,0
DA:94,2
DA:95,2
DA:97,2
DA:98,2
DA:99,2
DA:103,2
DA:104,0
DA:108,2
DA:109,0
DA:111,0
DA:113,0
DA:114,0
DA:118,2
DA:119,14
DA:122,28
DA:128,2
DA:129,12
DA:136,2
DA:147,0
DA:152,0
LF:56
LH:33
BRDA:15,0,0,12
BRDA:22,1,0,0
BRDA:22,1,1,0
BRDA:31,2,0,12
BRDA:31,2,1,2
BRDA:71,3,0,14
BRDA:71,3,1,0
BRDA:83,4,0,0
BRDA:83,4,1,0
BRDA:85,5,0,0
BRDA:85,5,1,0
BRDA:86,6,0,0
BRDA:86,6,1,0
BRDA:86,7,0,0
BRDA:86,7,1,0
BRDA:111,8,0,0
BRDA:111,8,1,0
BRF:17
BRH:4
end_of_record
