SF:cypress.config.js
DA:1,1
DA:2,1
DA:3,1
DA:7,1
DA:9,1
DA:12,1
DA:49,1
DA:52,1
end_of_record
SF:src\components\BootstrapIcons.js
DA:3,6
DA:5,2
DA:6,8
DA:8,8
DA:9,3
DA:10,3
DA:13,8
BRDA:16,0,0,2
BRDA:16,0,1,6
end_of_record
SF:src\components\Header.js
DA:12,1
DA:23,1
DA:39,1
DA:40,2
DA:41,2
DA:46,2
DA:47,3
DA:48,1
DA:50,2
DA:53,2
DA:54,2
DA:56,2
DA:57,2
DA:58,2
DA:65,2
BRDA:47,0,0,1
BRDA:47,0,1,2
end_of_record
SF:src\components\NavBar.js
DA:11,1
DA:12,12
DA:14,1
DA:15,14
DA:17,14
DA:19,14
DA:20,0
DA:22,0
DA:23,0
DA:24,0
DA:25,0
DA:29,14
DA:35,0
DA:46,1
DA:47,4
DA:48,0
DA:49,0
DA:52,4
DA:62,1
DA:63,2
DA:64,2
DA:65,2
DA:67,2
DA:69,2
DA:70,14
DA:71,14
DA:74,2
DA:80,2
DA:81,0
DA:82,0
DA:83,0
DA:84,0
DA:85,0
DA:86,0
DA:87,0
DA:89,0
DA:94,2
DA:95,2
DA:97,2
DA:98,2
DA:99,2
DA:103,2
DA:104,0
DA:108,2
DA:109,0
DA:111,0
DA:113,0
DA:114,0
DA:118,2
DA:119,14
DA:122,28
DA:128,2
DA:129,12
DA:136,2
DA:147,0
DA:152,0
BRDA:15,0,0,12
BRDA:22,1,0,0
BRDA:22,1,1,0
BRDA:31,2,0,12
BRDA:31,2,1,2
BRDA:71,3,0,14
BRDA:71,3,1,0
BRDA:83,4,0,0
BRDA:83,4,1,0
BRDA:85,5,0,0
BRDA:85,5,1,0
BRDA:86,6,0,0
BRDA:86,6,1,0
BRDA:86,7,0,0
BRDA:86,7,1,0
BRDA:111,8,0,0
BRDA:111,8,1,0
end_of_record
SF:src\helperFunctions.js
DA:4,1
DA:5,0
DA:6,0
DA:7,0
DA:9,0
DA:16,1
DA:17,0
DA:18,0
DA:19,0
DA:20,0
DA:22,0
DA:30,1
DA:31,0
DA:32,0
DA:34,0
DA:35,0
DA:38,0
DA:39,0
BRDA:4,0,0,0
BRDA:6,1,0,0
BRDA:6,1,1,0
BRDA:16,2,0,0
BRDA:18,3,0,0
BRDA:18,3,1,0
BRDA:19,4,0,0
BRDA:19,4,1,0
BRDA:34,5,0,0
BRDA:34,5,1,0
end_of_record
